Using pre-set license
Built from '2020.3/release' branch; Version is '2020.3.2f1 (8fd9074bf66c) revision 9427207'; Using compiler version '192528614'; Build Type 'Release'
OS: 'Windows 10 Pro; OS build 19043.1348; Version 2009; 64bit' Language: 'en' Physical Memory: 16272 MB
BatchMode: 1, IsHumanControllingUs: 0, StartBugReporterOnCrash: 0, Is64bit: 1, IsPro: 0

 COMMAND LINE ARGUMENTS:
C:\Program Files\Unity\Hub\Editor\2020.3.2f1\Editor\Unity.exe
-adb2
-batchMode
-noUpm
-name
AssetImportWorker0
-projectPath
C:/Users/lucas_hz836zo/Desktop/Unity Learning Projects/Pet Projects/Doom Clone
-logFile
Logs/AssetImportWorker0.log
-srvPort
64609
Successfully changed project path to: C:/Users/lucas_hz836zo/Desktop/Unity Learning Projects/Pet Projects/Doom Clone
C:/Users/lucas_hz836zo/Desktop/Unity Learning Projects/Pet Projects/Doom Clone
Using Asset Import Pipeline V2.
Refreshing native plugins compatible for Editor in 53.48 ms, found 0 plugins.
Preloading 0 native plugins for Editor in 0.00 ms.
Initialize engine version: 2020.3.2f1 (8fd9074bf66c)
[Subsystems] Discovering subsystems at path C:/Program Files/Unity/Hub/Editor/2020.3.2f1/Editor/Data/Resources/UnitySubsystems
[Subsystems] Discovering subsystems at path C:/Users/lucas_hz836zo/Desktop/Unity Learning Projects/Pet Projects/Doom Clone/Assets
GfxDevice: creating device client; threaded=0
Direct3D:
    Version:  Direct3D 11.0 [level 11.1]
    Renderer: NVIDIA GeForce GTX 960 (ID=0x1401)
    Vendor:   
    VRAM:     2007 MB
    Driver:   30.0.14.9676
Initialize mono
Mono path[0] = 'C:/Program Files/Unity/Hub/Editor/2020.3.2f1/Editor/Data/Managed'
Mono path[1] = 'C:/Program Files/Unity/Hub/Editor/2020.3.2f1/Editor/Data/MonoBleedingEdge/lib/mono/unityjit'
Mono config path = 'C:/Program Files/Unity/Hub/Editor/2020.3.2f1/Editor/Data/MonoBleedingEdge/etc'
Using monoOptions --debugger-agent=transport=dt_socket,embedding=1,server=y,suspend=n,address=127.0.0.1:56996
Begin MonoManager ReloadAssembly
Registering precompiled unity dll's ...
Register platform support module: C:/Program Files/Unity/Hub/Editor/2020.3.2f1/Editor/Data/PlaybackEngines/WebGLSupport/UnityEditor.WebGL.Extensions.dll
Register platform support module: C:/Program Files/Unity/Hub/Editor/2020.3.2f1/Editor/Data/PlaybackEngines/WindowsStandaloneSupport/UnityEditor.WindowsStandalone.Extensions.dll
Registered in 0.005634 seconds.
Native extension for WindowsStandalone target not found
Native extension for WebGL target not found
Refreshing native plugins compatible for Editor in 52.89 ms, found 0 plugins.
Preloading 0 native plugins for Editor in 0.00 ms.
Invoked RoslynAnalysisRunner static constructor.
RoslynAnalysisRunner will not be running.
RoslynAnalysisRunner has terminated.
Mono: successfully reloaded assembly
- Completed reload, in  2.064 seconds
Platform modules already initialized, skipping
Registering precompiled user dll's ...
Registered in 0.001434 seconds.
Begin MonoManager ReloadAssembly
Native extension for WindowsStandalone target not found
Native extension for WebGL target not found
Refreshing native plugins compatible for Editor in 0.50 ms, found 0 plugins.
Preloading 0 native plugins for Editor in 0.00 ms.
Invoked RoslynAnalysisRunner static constructor.
RoslynAnalysisRunner will not be running.
RoslynAnalysisRunner has terminated.
Mono: successfully reloaded assembly
- Completed reload, in  1.557 seconds
Platform modules already initialized, skipping
========================================================================
Worker process is ready to serve import requests
Launched and connected shader compiler UnityShaderCompiler.exe after 0.06 seconds
Refreshing native plugins compatible for Editor in 0.50 ms, found 0 plugins.
Preloading 0 native plugins for Editor in 0.00 ms.
Unloading 1534 Unused Serialized files (Serialized files now loaded: 0)
System memory in use before: 77.4 MB.
System memory in use after: 77.4 MB.

Unloading 11 unused Assets to reduce memory usage. Loaded Objects now: 1978.
Total: 2.780500 ms (FindLiveObjects: 0.389400 ms CreateObjectMapping: 0.084100 ms MarkObjects: 2.110100 ms  DeleteObjects: 0.194800 ms)

========================================================================
Received Import Request.
  path: Assets/Animations/Character.controller
  artifactKey: Guid(29f6738f485a05d4d9ac631c9214298f) Importer(815301076,1909f56bfc062723c751e8b465ee728b)
Start importing Assets/Animations/Character.controller using Guid(29f6738f485a05d4d9ac631c9214298f) Importer(815301076,1909f56bfc062723c751e8b465ee728b)  -> (artifact id: 'c0cf71a8d10b774246e0dca0e03cc798') in 0.057981 seconds
  Import took 0.062103 seconds .

========================================================================
Received Import Request.
  Time since last request: 5.023113 seconds.
  path: Assets/Animations/Camera_Bob.anim
  artifactKey: Guid(309db9f6ef2ccd84aaf620fee2d3c34c) Importer(815301076,1909f56bfc062723c751e8b465ee728b)
Start importing Assets/Animations/Camera_Bob.anim using Guid(309db9f6ef2ccd84aaf620fee2d3c34c) Importer(815301076,1909f56bfc062723c751e8b465ee728b)  -> (artifact id: '4ad5d75058e6f7b933ccaf029e41fdf0') in 0.018958 seconds
  Import took 0.023199 seconds .

========================================================================
Received Import Request.
  Time since last request: 0.008673 seconds.
  path: Assets/Animations/Camera_Bob.anim
  artifactKey: Guid(309db9f6ef2ccd84aaf620fee2d3c34c) Importer(815301076,1909f56bfc062723c751e8b465ee728b)
Start importing Assets/Animations/Camera_Bob.anim using Guid(309db9f6ef2ccd84aaf620fee2d3c34c) Importer(815301076,1909f56bfc062723c751e8b465ee728b)  -> (artifact id: '4ad5d75058e6f7b933ccaf029e41fdf0') in 0.010400 seconds
  Import took 0.014642 seconds .

========================================================================
Received Import Request.
  Time since last request: 4.006079 seconds.
  path: Assets/Animations/Main Camera.controller
  artifactKey: Guid(4a6a9fb65b0efa648b1b49e9ec223831) Importer(815301076,1909f56bfc062723c751e8b465ee728b)
Start importing Assets/Animations/Main Camera.controller using Guid(4a6a9fb65b0efa648b1b49e9ec223831) Importer(815301076,1909f56bfc062723c751e8b465ee728b)  -> (artifact id: '77004fc22513d3ea43af152e587172ad') in 0.015326 seconds
  Import took 0.018948 seconds .

========================================================================
Received Prepare
Refreshing native plugins compatible for Editor in 1.43 ms, found 0 plugins.
Preloading 0 native plugins for Editor in 0.00 ms.
Unloading 4 Unused Serialized files (Serialized files now loaded: 0)
System memory in use before: 43.8 MB.
System memory in use after: 43.8 MB.

Unloading 4 unused Assets to reduce memory usage. Loaded Objects now: 1978.
Total: 3.222400 ms (FindLiveObjects: 0.334100 ms CreateObjectMapping: 0.080100 ms MarkObjects: 2.664100 ms  DeleteObjects: 0.142200 ms)

AssetImportWorkerClient::OnTransportError - code=2 error=End of file
